<?xml version="1.0" encoding="UTF-8"?>
<!-- Generated by org.testng.reporters.JUnitReportReporter -->
<testsuite hostname="LAPTOP-JFKQL1HG" failures="0" tests="3" name="ananthuProject.Test.StandAloneTest" time="56.835" errors="0" timestamp="2025-02-10T23:45:50 EST" skipped="0">
  <testcase classname="ananthuProject.Test.StandAloneTest" name="searchNameInTimeSheet" time="14.732"/>
  <testcase classname="ananthuProject.Test.StandAloneTest" name="searchUpdatedUserFromDirectory" time="10.928"/>
  <testcase classname="ananthuProject.Test.StandAloneTest" name="testUpdatingUserName" time="31.175"/>
</testsuite> <!-- ananthuProject.Test.StandAloneTest -->
