<?xml version="1.0" encoding="UTF-8"?>
<!-- Generated by org.testng.reporters.JUnitReportReporter -->
<testsuite hostname="LAPTOP-JFKQL1HG" failures="0" tests="5" name="ananthuProject.Test.LoginCheckTest" time="64.473" errors="0" timestamp="2025-02-13T23:55:11 EST" skipped="0">
  <testcase classname="ananthuProject.Test.LoginCheckTest" name="logInError" time="10.676"/>
  <testcase classname="ananthuProject.Test.LoginCheckTest" name="passwordReset" time="12.076"/>
  <testcase classname="ananthuProject.Test.LoginCheckTest" name="logInError" time="15.778"/>
  <testcase classname="ananthuProject.Test.LoginCheckTest" name="logInError" time="13.167"/>
  <testcase classname="ananthuProject.Test.LoginCheckTest" name="logInError" time="12.776"/>
</testsuite> <!-- ananthuProject.Test.LoginCheckTest -->
