<?xml version="1.0" encoding="UTF-8"?>
<!-- Generated by org.testng.reporters.JUnitReportReporter -->
<testsuite hostname="Ananthus-MacBook-Pro.local" failures="0" tests="1" name="ananthuProject.Test.PIMpageTest" time="5.248" errors="0" timestamp="2025-03-03T11:45:56 EST" skipped="0">
  <testcase classname="ananthuProject.Test.PIMpageTest" name="testHelpButton" time="5.248"/>
  <system-out/>
</testsuite> <!-- ananthuProject.Test.PIMpageTest -->
