<?xml version="1.0" encoding="UTF-8"?>
<!-- Generated by org.testng.reporters.JUnitReportReporter -->
<testsuite hostname="LAPTOP-JFKQL1HG" failures="0" tests="1" name="ananthuProject.Test.RecordListTest" time="23.488" errors="0" timestamp="2025-02-10T23:45:50 EST" skipped="0">
  <testcase classname="ananthuProject.Test.RecordListTest" name="testTotalRecord" time="23.488"/>
</testsuite> <!-- ananthuProject.Test.RecordListTest -->
