<?xml version="1.0" encoding="UTF-8"?>
<!-- Generated by org.testng.reporters.JUnitReportReporter -->
<testsuite hostname="LAPTOP-JFKQL1HG" failures="0" tests="5" name="ananthuProject.Test.LoginCheckTest" time="22.633" errors="0" timestamp="2025-02-13T19:34:32 EST" skipped="0">
  <testcase classname="ananthuProject.Test.LoginCheckTest" name="logInError" time="4.376"/>
  <testcase classname="ananthuProject.Test.LoginCheckTest" name="logInError" time="4.370"/>
  <testcase classname="ananthuProject.Test.LoginCheckTest" name="logInError" time="4.327"/>
  <testcase classname="ananthuProject.Test.LoginCheckTest" name="logInError" time="4.407"/>
  <testcase classname="ananthuProject.Test.LoginCheckTest" name="passwordReset" time="5.153"/>
</testsuite> <!-- ananthuProject.Test.LoginCheckTest -->
