<?xml version="1.0" encoding="UTF-8"?>
<!-- Generated by org.testng.reporters.JUnitReportReporter -->
<testsuite hostname="LAPTOP-JFKQL1HG" failures="0" tests="5" name="ananthuProject.Test.LoginCheckTest" time="81.493" errors="0" timestamp="2025-02-09T16:32:20 EST" skipped="0">
  <testcase classname="ananthuProject.Test.LoginCheckTest" name="logInError" time="13.661"/>
  <testcase classname="ananthuProject.Test.LoginCheckTest" name="logInError" time="14.936"/>
  <testcase classname="ananthuProject.Test.LoginCheckTest" name="passwordReset" time="16.199"/>
  <testcase classname="ananthuProject.Test.LoginCheckTest" name="logInError" time="10.087"/>
  <testcase classname="ananthuProject.Test.LoginCheckTest" name="logInError" time="26.610"/>
</testsuite> <!-- ananthuProject.Test.LoginCheckTest -->
