<?xml version="1.0" encoding="UTF-8"?>
<!-- Generated by org.testng.reporters.JUnitReportReporter -->
<testsuite hostname="LAPTOP-JFKQL1HG" failures="0" tests="3" name="ananthuProject.Test.StandAloneTest" time="76.742" errors="0" timestamp="2025-02-13T23:55:11 EST" skipped="0">
  <testcase classname="ananthuProject.Test.StandAloneTest" name="testUpdatingUserName" time="41.044"/>
  <testcase classname="ananthuProject.Test.StandAloneTest" name="searchUpdatedUserFromDirectory" time="16.953"/>
  <testcase classname="ananthuProject.Test.StandAloneTest" name="searchNameInTimeSheet" time="18.745"/>
</testsuite> <!-- ananthuProject.Test.StandAloneTest -->
