<?xml version="1.0" encoding="UTF-8"?>
<!-- Generated by org.testng.reporters.JUnitReportReporter -->
<testsuite hostname="LAPTOP-JFKQL1HG" failures="0" tests="2" name="ananthuProject.Test.CheckVisibilityTest" time="72.691" errors="0" timestamp="2025-02-13T23:55:11 EST" skipped="0">
  <testcase classname="ananthuProject.Test.CheckVisibilityTest" name="testTotalRecord" time="52.113"/>
  <testcase classname="ananthuProject.Test.CheckVisibilityTest" name="checkTheVisibilityofH6" time="20.578"/>
</testsuite> <!-- ananthuProject.Test.CheckVisibilityTest -->
