<?xml version="1.0" encoding="UTF-8"?>
<!-- Generated by org.testng.reporters.JUnitReportReporter -->
<testsuite hostname="LAPTOP-JFKQL1HG" failures="0" tests="2" name="ananthuProject.Test.CheckVisibilityTest" time="26.737" errors="0" timestamp="2025-02-13T19:34:32 EST" skipped="0">
  <testcase classname="ananthuProject.Test.CheckVisibilityTest" name="checkTheVisibilityofH6" time="5.689"/>
  <testcase classname="ananthuProject.Test.CheckVisibilityTest" name="testTotalRecord" time="21.048"/>
</testsuite> <!-- ananthuProject.Test.CheckVisibilityTest -->
