<?xml version="1.0" encoding="UTF-8"?>
<!-- Generated by org.testng.reporters.JUnitReportReporter -->
<testsuite hostname="LAPTOP-JFKQL1HG" failures="0" tests="1" name="ananthuProject.Test.PIMpageTest" time="28.072" errors="0" timestamp="2025-02-13T23:55:11 EST" skipped="0">
  <testcase classname="ananthuProject.Test.PIMpageTest" name="testHelpButton" time="28.072"/>
</testsuite> <!-- ananthuProject.Test.PIMpageTest -->
