<?xml version="1.0" encoding="UTF-8"?>
<!-- Generated by org.testng.reporters.JUnitReportReporter -->
<testsuite hostname="Ananthus-MacBook-Pro.local" failures="0" tests="2" name="ananthuProject.Test.StandAloneTest" time="27.565" errors="0" timestamp="2025-03-03T12:05:59 EST" skipped="0">
  <testcase classname="ananthuProject.Test.StandAloneTest" name="testUpdatingUserName" time="21.066"/>
  <system-out/>
  <testcase classname="ananthuProject.Test.StandAloneTest" name="searchUpdatedUserFromDirectory" time="6.499"/>
  <system-out/>
</testsuite> <!-- ananthuProject.Test.StandAloneTest -->
