<?xml version="1.0" encoding="UTF-8"?>
<!-- Generated by org.testng.reporters.JUnitReportReporter -->
<testsuite hostname="Ananthus-MacBook-Pro.local" failures="0" tests="4" name="ananthuProject.Test.LoginCheckTest" time="9.554" errors="0" timestamp="2025-03-03T13:19:19 EST" skipped="0">
  <testcase classname="ananthuProject.Test.LoginCheckTest" name="logInError" time="2.259"/>
  <system-out/>
  <testcase classname="ananthuProject.Test.LoginCheckTest" name="logInError" time="2.323"/>
  <system-out/>
  <testcase classname="ananthuProject.Test.LoginCheckTest" name="logInError" time="2.351"/>
  <system-out/>
  <testcase classname="ananthuProject.Test.LoginCheckTest" name="logInError" time="2.621"/>
  <system-out/>
</testsuite> <!-- ananthuProject.Test.LoginCheckTest -->
