<?xml version="1.0" encoding="UTF-8"?>
<!-- Generated by org.testng.reporters.JUnitReportReporter -->
<testsuite hostname="LAPTOP-JFKQL1HG" failures="0" tests="5" name="ananthuProject.Test.LoginCheckTest" time="32.315" errors="0" timestamp="2025-02-10T23:45:50 EST" skipped="0">
  <testcase classname="ananthuProject.Test.LoginCheckTest" name="passwordReset" time="6.681"/>
  <testcase classname="ananthuProject.Test.LoginCheckTest" name="logInError" time="6.975"/>
  <testcase classname="ananthuProject.Test.LoginCheckTest" name="logInError" time="7.144"/>
  <testcase classname="ananthuProject.Test.LoginCheckTest" name="logInError" time="6.184"/>
  <testcase classname="ananthuProject.Test.LoginCheckTest" name="logInError" time="5.331"/>
</testsuite> <!-- ananthuProject.Test.LoginCheckTest -->
