<?xml version="1.0" encoding="UTF-8"?>
<!-- Generated by org.testng.reporters.JUnitReportReporter -->
<testsuite hostname="LAPTOP-JFKQL1HG" failures="0" tests="1" name="ananthuProject.Test.PIMpageTest" time="9.570" errors="0" timestamp="2025-02-13T19:31:52 EST" skipped="0">
  <testcase classname="ananthuProject.Test.PIMpageTest" name="testHelpButton" time="9.570"/>
</testsuite> <!-- ananthuProject.Test.PIMpageTest -->
