<?xml version="1.0" encoding="UTF-8"?>
<!-- Generated by org.testng.reporters.JUnitReportReporter -->
<testsuite hostname="Ananthus-MacBook-Pro.local" failures="0" tests="1" name="ananthuProject.Test.APITest" time="25.137" errors="0" timestamp="2025-03-03T18:00:14 EST" skipped="0">
  <testcase classname="ananthuProject.Test.APITest" name="APIstatusCheck" time="25.137"/>
  <system-out/>
</testsuite> <!-- ananthuProject.Test.APITest -->
