<?xml version="1.0" encoding="UTF-8"?>
<!-- Generated by org.testng.reporters.JUnitReportReporter -->
<testsuite hostname="LAPTOP-JFKQL1HG" failures="0" tests="3" name="ananthuProject.Test.StandAloneTest" time="96.398" errors="0" timestamp="2025-02-09T16:32:20 EST" skipped="0">
  <testcase classname="ananthuProject.Test.StandAloneTest" name="searchUpdatedUserFromDirectory" time="18.952"/>
  <testcase classname="ananthuProject.Test.StandAloneTest" name="searchNameInTimeSheet" time="38.486"/>
  <testcase classname="ananthuProject.Test.StandAloneTest" name="testUpdatingUserName" time="38.960"/>
</testsuite> <!-- ananthuProject.Test.StandAloneTest -->
