<?xml version="1.0" encoding="UTF-8"?>
<!-- Generated by org.testng.reporters.JUnitReportReporter -->
<testsuite hostname="Ananthus-MacBook-Pro.local" failures="0" tests="2" name="ananthuProject.Test.StandAloneTest" time="34.798" errors="0" timestamp="2025-03-06T22:42:48 EST" skipped="0">
  <testcase classname="ananthuProject.Test.StandAloneTest" name="searchUpdatedUserFromDirectory" time="9.484"/>
  <system-out/>
  <testcase classname="ananthuProject.Test.StandAloneTest" name="testUpdatingUserName" time="25.314"/>
  <system-out/>
</testsuite> <!-- ananthuProject.Test.StandAloneTest -->
