<?xml version="1.0" encoding="UTF-8"?>
<!-- Generated by org.testng.reporters.JUnitReportReporter -->
<testsuite hostname="LAPTOP-JFKQL1HG" failures="0" tests="3" name="ananthuProject.Test.StandAloneTest" time="43.340" errors="0" timestamp="2025-02-13T19:34:32 EST" skipped="0">
  <testcase classname="ananthuProject.Test.StandAloneTest" name="testUpdatingUserName" time="24.742"/>
  <testcase classname="ananthuProject.Test.StandAloneTest" name="searchUpdatedUserFromDirectory" time="10.474"/>
  <testcase classname="ananthuProject.Test.StandAloneTest" name="searchNameInTimeSheet" time="8.124"/>
</testsuite> <!-- ananthuProject.Test.StandAloneTest -->
