<?xml version="1.0" encoding="UTF-8"?>
<!-- Generated by org.testng.reporters.JUnitReportReporter -->
<testsuite hostname="LAPTOP-JFKQL1HG" failures="0" tests="8" name="ananthuProject.Test.LoginCheckTest" time="37.508" errors="0" timestamp="2025-02-17T11:21:45 EST" skipped="0">
  <testcase classname="ananthuProject.Test.LoginCheckTest" name="logInWithDataBaseCredentials" time="4.886"/>
  <testcase classname="ananthuProject.Test.LoginCheckTest" name="logInWithDataBaseCredentials" time="3.852"/>
  <testcase classname="ananthuProject.Test.LoginCheckTest" name="logInWithDataBaseCredentials" time="4.626"/>
  <testcase classname="ananthuProject.Test.LoginCheckTest" name="logInWithDataBaseCredentials" time="4.448"/>
  <testcase classname="ananthuProject.Test.LoginCheckTest" name="logInWithDataBaseCredentials" time="6.120"/>
  <testcase classname="ananthuProject.Test.LoginCheckTest" name="logInWithDataBaseCredentials" time="4.786"/>
  <testcase classname="ananthuProject.Test.LoginCheckTest" name="logInWithDataBaseCredentials" time="4.550"/>
  <testcase classname="ananthuProject.Test.LoginCheckTest" name="logInWithDataBaseCredentials" time="4.240"/>
</testsuite> <!-- ananthuProject.Test.LoginCheckTest -->
