<?xml version="1.0" encoding="UTF-8"?>
<!-- Generated by org.testng.reporters.JUnitReportReporter -->
<testsuite hostname="LAPTOP-JFKQL1HG" failures="0" tests="2" name="ananthuProject.Test.StandAloneTest" time="69.376" errors="0" timestamp="2025-02-19T20:13:56 EST" skipped="0">
  <testcase classname="ananthuProject.Test.StandAloneTest" name="testUpdatingUserName" time="60.207"/>
  <testcase classname="ananthuProject.Test.StandAloneTest" name="searchNameInTimeSheet" time="9.169"/>
</testsuite> <!-- ananthuProject.Test.StandAloneTest -->
