<?xml version="1.0" encoding="UTF-8"?>
<!-- Generated by org.testng.reporters.JUnitReportReporter -->
<testsuite hostname="LAPTOP-JFKQL1HG" failures="0" tests="5" name="ananthuProject.Test.LoginCheckTest" time="29.467" errors="0" timestamp="2025-02-09T17:25:31 EST" skipped="0">
  <testcase classname="ananthuProject.Test.LoginCheckTest" name="passwordReset" time="5.322"/>
  <testcase classname="ananthuProject.Test.LoginCheckTest" name="logInError" time="7.004"/>
  <testcase classname="ananthuProject.Test.LoginCheckTest" name="logInError" time="5.333"/>
  <testcase classname="ananthuProject.Test.LoginCheckTest" name="logInError" time="6.321"/>
  <testcase classname="ananthuProject.Test.LoginCheckTest" name="logInError" time="5.487"/>
</testsuite> <!-- ananthuProject.Test.LoginCheckTest -->
