<?xml version="1.0" encoding="UTF-8"?>
<!-- Generated by org.testng.reporters.JUnitReportReporter -->
<testsuite hostname="LAPTOP-JFKQL1HG" failures="0" tests="5" name="ananthuProject.Test.LoginCheckTest" time="23.160" errors="0" timestamp="2025-02-09T18:42:04 EST" skipped="0">
  <testcase classname="ananthuProject.Test.LoginCheckTest" name="logInError" time="4.579"/>
  <testcase classname="ananthuProject.Test.LoginCheckTest" name="logInError" time="4.991"/>
  <testcase classname="ananthuProject.Test.LoginCheckTest" name="passwordReset" time="5.015"/>
  <testcase classname="ananthuProject.Test.LoginCheckTest" name="logInError" time="4.326"/>
  <testcase classname="ananthuProject.Test.LoginCheckTest" name="logInError" time="4.249"/>
</testsuite> <!-- ananthuProject.Test.LoginCheckTest -->
