<?xml version="1.0" encoding="UTF-8"?>
<!-- Generated by org.testng.reporters.JUnitReportReporter -->
<testsuite hostname="LAPTOP-JFKQL1HG" failures="0" tests="3" name="ananthuProject.Test.StandAloneTest" time="48.533" errors="0" timestamp="2025-02-14T12:47:23 EST" skipped="0">
  <testcase classname="ananthuProject.Test.StandAloneTest" name="testUpdatingUserName" time="29.760"/>
  <testcase classname="ananthuProject.Test.StandAloneTest" name="searchUpdatedUserFromDirectory" time="9.285"/>
  <testcase classname="ananthuProject.Test.StandAloneTest" name="searchNameInTimeSheet" time="9.488"/>
</testsuite> <!-- ananthuProject.Test.StandAloneTest -->
