<?xml version="1.0" encoding="UTF-8"?>
<!-- Generated by org.testng.reporters.JUnitReportReporter -->
<testsuite hostname="LAPTOP-JFKQL1HG" failures="0" tests="3" name="ananthuProject.Test.StandAloneTest" time="44.043" errors="0" timestamp="2025-02-23T17:29:33 EST" skipped="0">
  <testcase classname="ananthuProject.Test.StandAloneTest" name="searchUpdatedUserFromDirectory" time="9.674"/>
  <testcase classname="ananthuProject.Test.StandAloneTest" name="searchNameInTimeSheet" time="9.618"/>
  <testcase classname="ananthuProject.Test.StandAloneTest" name="testUpdatingUserName" time="24.751"/>
</testsuite> <!-- ananthuProject.Test.StandAloneTest -->
