<?xml version="1.0" encoding="UTF-8"?>
<!-- Generated by org.testng.reporters.JUnitReportReporter -->
<testsuite hostname="LAPTOP-JFKQL1HG" failures="0" tests="5" name="ananthuProject.Test.LoginCheckTest" time="19.441" errors="0" timestamp="2025-02-17T10:56:21 EST" skipped="0">
  <testcase classname="ananthuProject.Test.LoginCheckTest" name="logInError" time="3.671"/>
  <testcase classname="ananthuProject.Test.LoginCheckTest" name="logInError" time="3.821"/>
  <testcase classname="ananthuProject.Test.LoginCheckTest" name="logInError" time="3.757"/>
  <testcase classname="ananthuProject.Test.LoginCheckTest" name="logInError" time="3.691"/>
  <testcase classname="ananthuProject.Test.LoginCheckTest" name="passwordReset" time="4.501"/>
</testsuite> <!-- ananthuProject.Test.LoginCheckTest -->
