<?xml version="1.0" encoding="UTF-8"?>
<!-- Generated by org.testng.reporters.JUnitReportReporter -->
<testsuite hostname="Ananthus-MacBook-Pro.local" failures="0" tests="1" name="ananthuProject.Test.APITest" time="23.502" errors="0" timestamp="2025-03-03T13:40:53 EST" skipped="0">
  <testcase classname="ananthuProject.Test.APITest" name="APIstatusCheck" time="23.502"/>
</testsuite> <!-- ananthuProject.Test.APITest -->
