<?xml version="1.0" encoding="UTF-8"?>
<!-- Generated by org.testng.reporters.JUnitReportReporter -->
<testsuite hostname="Ananthus-MacBook-Pro.local" failures="0" tests="1" name="ananthuProject.Test.PIMpageTest" time="8.016" errors="0" timestamp="2025-03-03T13:40:53 EST" skipped="0">
  <testcase classname="ananthuProject.Test.PIMpageTest" name="testHelpButton" time="8.016"/>
</testsuite> <!-- ananthuProject.Test.PIMpageTest -->
