<?xml version="1.0" encoding="UTF-8"?>
<!-- Generated by org.testng.reporters.JUnitReportReporter -->
<testsuite hostname="Ananthus-MacBook-Pro.local" failures="0" tests="2" name="ananthuProject.Test.CheckVisibilityTest" time="25.677" errors="0" timestamp="2025-03-06T22:18:22 EST" skipped="0">
  <testcase classname="ananthuProject.Test.CheckVisibilityTest" name="checkTheVisibilityofH6" time="5.722"/>
  <testcase classname="ananthuProject.Test.CheckVisibilityTest" name="testTotalRecord" time="19.955"/>
</testsuite> <!-- ananthuProject.Test.CheckVisibilityTest -->
