<?xml version="1.0" encoding="UTF-8"?>
<!-- Generated by org.testng.reporters.JUnitReportReporter -->
<testsuite hostname="LAPTOP-JFKQL1HG" failures="0" tests="2" name="ananthuProject.Test.CheckVisibilityTest" time="27.384" errors="0" timestamp="2025-02-23T17:29:33 EST" skipped="0">
  <testcase classname="ananthuProject.Test.CheckVisibilityTest" name="testTotalRecord" time="20.544"/>
  <testcase classname="ananthuProject.Test.CheckVisibilityTest" name="checkTheVisibilityofH6" time="6.840"/>
</testsuite> <!-- ananthuProject.Test.CheckVisibilityTest -->
