<?xml version="1.0" encoding="UTF-8"?>
<!-- Generated by org.testng.reporters.JUnitReportReporter -->
<testsuite hostname="Ananthus-MacBook-Pro.local" failures="0" tests="2" name="ananthuProject.Test.CheckVisibilityTest" time="26.848" errors="0" timestamp="2025-03-03T13:40:53 EST" skipped="0">
  <testcase classname="ananthuProject.Test.CheckVisibilityTest" name="checkTheVisibilityofH6" time="6.257"/>
  <testcase classname="ananthuProject.Test.CheckVisibilityTest" name="testTotalRecord" time="20.591"/>
</testsuite> <!-- ananthuProject.Test.CheckVisibilityTest -->
