<?xml version="1.0" encoding="UTF-8"?>
<!-- Generated by org.testng.reporters.JUnitReportReporter -->
<testsuite hostname="LAPTOP-JFKQL1HG" failures="0" tests="3" name="ananthuProject.Test.StandAloneTest" time="52.404" errors="0" timestamp="2025-02-23T17:04:56 EST" skipped="0">
  <testcase classname="ananthuProject.Test.StandAloneTest" name="searchUpdatedUserFromDirectory" time="17.386"/>
  <testcase classname="ananthuProject.Test.StandAloneTest" name="testUpdatingUserName" time="25.972"/>
  <testcase classname="ananthuProject.Test.StandAloneTest" name="searchNameInTimeSheet" time="9.046"/>
</testsuite> <!-- ananthuProject.Test.StandAloneTest -->
