<?xml version="1.0" encoding="UTF-8"?>
<!-- Generated by org.testng.reporters.JUnitReportReporter -->
<testsuite hostname="LAPTOP-JFKQL1HG" failures="0" tests="1" name="ananthuProject.Test.APITest" time="11.673" errors="0" timestamp="2025-02-23T17:29:33 EST" skipped="0">
  <testcase classname="ananthuProject.Test.APITest" name="APIstatusCheck" time="11.673"/>
</testsuite> <!-- ananthuProject.Test.APITest -->
