<?xml version="1.0" encoding="UTF-8"?>
<!-- Generated by org.testng.reporters.JUnitReportReporter -->
<testsuite hostname="LAPTOP-JFKQL1HG" failures="0" tests="5" name="ananthuProject.Test.LoginCheckTest" time="27.211" errors="0" timestamp="2025-02-14T12:47:23 EST" skipped="0">
  <testcase classname="ananthuProject.Test.LoginCheckTest" name="logInError" time="4.208"/>
  <testcase classname="ananthuProject.Test.LoginCheckTest" name="passwordReset" time="6.091"/>
  <testcase classname="ananthuProject.Test.LoginCheckTest" name="logInError" time="5.741"/>
  <testcase classname="ananthuProject.Test.LoginCheckTest" name="logInError" time="5.485"/>
  <testcase classname="ananthuProject.Test.LoginCheckTest" name="logInError" time="5.686"/>
</testsuite> <!-- ananthuProject.Test.LoginCheckTest -->
