<?xml version="1.0" encoding="UTF-8"?>
<!-- Generated by org.testng.reporters.JUnitReportReporter -->
<testsuite hostname="LAPTOP-JFKQL1HG" failures="0" tests="1" name="ananthuProject.Test.PIMpageTest" time="8.378" errors="0" timestamp="2025-02-14T12:47:23 EST" skipped="0">
  <testcase classname="ananthuProject.Test.PIMpageTest" name="testHelpButton" time="8.378"/>
</testsuite> <!-- ananthuProject.Test.PIMpageTest -->
