<?xml version="1.0" encoding="UTF-8"?>
<!-- Generated by org.testng.reporters.JUnitReportReporter -->
<testsuite hostname="LAPTOP-JFKQL1HG" failures="0" tests="2" name="ananthuProject.Test.CheckVisibilityTest" time="25.997" errors="0" timestamp="2025-02-17T10:56:21 EST" skipped="0">
  <testcase classname="ananthuProject.Test.CheckVisibilityTest" name="checkTheVisibilityofH6" time="5.080"/>
  <testcase classname="ananthuProject.Test.CheckVisibilityTest" name="testTotalRecord" time="20.917"/>
</testsuite> <!-- ananthuProject.Test.CheckVisibilityTest -->
