<?xml version="1.0" encoding="UTF-8"?>
<!-- Generated by org.testng.reporters.JUnitReportReporter -->
<testsuite hostname="LAPTOP-JFKQL1HG" failures="0" tests="1" name="ananthuProject.Test.RecordListTest" time="23.293" errors="0" timestamp="2025-02-08T11:27:24 EST" skipped="0">
  <testcase classname="ananthuProject.Test.RecordListTest" name="testTotalRecord" time="23.293"/>
</testsuite> <!-- ananthuProject.Test.RecordListTest -->
