<?xml version="1.0" encoding="UTF-8"?>
<!-- Generated by org.testng.reporters.JUnitReportReporter -->
<testsuite hostname="LAPTOP-JFKQL1HG" failures="0" tests="1" name="ananthuProject.Test.RecordListTest" time="20.919" errors="0" timestamp="2025-02-09T18:16:23 EST" skipped="0">
  <testcase classname="ananthuProject.Test.RecordListTest" name="testTotalRecord" time="20.919"/>
</testsuite> <!-- ananthuProject.Test.RecordListTest -->
