<?xml version="1.0" encoding="UTF-8"?>
<!-- Generated by org.testng.reporters.JUnitReportReporter -->
<testsuite hostname="LAPTOP-JFKQL1HG" failures="0" tests="13" name="ananthuProject.Test.LoginCheckTest" time="91.838" errors="0" timestamp="2025-02-18T08:59:52 EST" skipped="0">
  <testcase classname="ananthuProject.Test.LoginCheckTest" name="logInWithDataBaseCredentials" time="7.727"/>
  <testcase classname="ananthuProject.Test.LoginCheckTest" name="logInWithDataBaseCredentials" time="8.484"/>
  <testcase classname="ananthuProject.Test.LoginCheckTest" name="logInError" time="7.460"/>
  <testcase classname="ananthuProject.Test.LoginCheckTest" name="logInWithDataBaseCredentials" time="6.593"/>
  <testcase classname="ananthuProject.Test.LoginCheckTest" name="logInError" time="6.378"/>
  <testcase classname="ananthuProject.Test.LoginCheckTest" name="logInWithDataBaseCredentials" time="6.805"/>
  <testcase classname="ananthuProject.Test.LoginCheckTest" name="logInError" time="7.520"/>
  <testcase classname="ananthuProject.Test.LoginCheckTest" name="logInWithDataBaseCredentials" time="7.455"/>
  <testcase classname="ananthuProject.Test.LoginCheckTest" name="logInWithDataBaseCredentials" time="6.813"/>
  <testcase classname="ananthuProject.Test.LoginCheckTest" name="logInWithDataBaseCredentials" time="7.093"/>
  <testcase classname="ananthuProject.Test.LoginCheckTest" name="logInWithDataBaseCredentials" time="5.882"/>
  <testcase classname="ananthuProject.Test.LoginCheckTest" name="logInError" time="6.079"/>
  <testcase classname="ananthuProject.Test.LoginCheckTest" name="passwordReset" time="7.549"/>
</testsuite> <!-- ananthuProject.Test.LoginCheckTest -->
