<?xml version="1.0" encoding="UTF-8"?>
<!-- Generated by org.testng.reporters.JUnitReportReporter -->
<testsuite hostname="LAPTOP-JFKQL1HG" failures="0" tests="3" name="ananthuProject.Test.StandAloneTest" time="51.612" errors="0" timestamp="2025-02-08T11:27:24 EST" skipped="0">
  <testcase classname="ananthuProject.Test.StandAloneTest" name="searchUpdatedUserFromDirectory" time="10.550"/>
  <testcase classname="ananthuProject.Test.StandAloneTest" name="testUpdatingUserName" time="30.840"/>
  <testcase classname="ananthuProject.Test.StandAloneTest" name="searchNameInTimeSheet" time="10.222"/>
</testsuite> <!-- ananthuProject.Test.StandAloneTest -->
