<?xml version="1.0" encoding="UTF-8"?>
<!-- Generated by org.testng.reporters.JUnitReportReporter -->
<testsuite hostname="Ananthus-MacBook-Pro.local" failures="0" tests="3" name="ananthuProject.Test.StandAloneTest" time="44.522" errors="0" timestamp="2025-03-03T13:40:53 EST" skipped="0">
  <testcase classname="ananthuProject.Test.StandAloneTest" name="searchNameInTimeSheet" time="9.481"/>
  <testcase classname="ananthuProject.Test.StandAloneTest" name="testUpdatingUserName" time="25.588"/>
  <testcase classname="ananthuProject.Test.StandAloneTest" name="searchUpdatedUserFromDirectory" time="9.453"/>
</testsuite> <!-- ananthuProject.Test.StandAloneTest -->
