<?xml version="1.0" encoding="UTF-8"?>
<!-- Generated by org.testng.reporters.JUnitReportReporter -->
<testsuite hostname="LAPTOP-JFKQL1HG" failures="0" tests="3" name="ananthuProject.Test.StandAloneTest" time="47.887" errors="0" timestamp="2025-02-09T18:42:04 EST" skipped="0">
  <testcase classname="ananthuProject.Test.StandAloneTest" name="searchNameInTimeSheet" time="12.702"/>
  <testcase classname="ananthuProject.Test.StandAloneTest" name="searchUpdatedUserFromDirectory" time="9.953"/>
  <testcase classname="ananthuProject.Test.StandAloneTest" name="testUpdatingUserName" time="25.232"/>
</testsuite> <!-- ananthuProject.Test.StandAloneTest -->
