<?xml version="1.0" encoding="UTF-8"?>
<!-- Generated by org.testng.reporters.JUnitReportReporter -->
<testsuite hostname="LAPTOP-JFKQL1HG" failures="0" tests="3" name="ananthuProject.Test.StandAloneTest" time="47.957" errors="0" timestamp="2025-02-09T18:16:23 EST" skipped="0">
  <testcase classname="ananthuProject.Test.StandAloneTest" name="searchUpdatedUserFromDirectory" time="14.846"/>
  <testcase classname="ananthuProject.Test.StandAloneTest" name="searchNameInTimeSheet" time="8.185"/>
  <testcase classname="ananthuProject.Test.StandAloneTest" name="testUpdatingUserName" time="24.926"/>
</testsuite> <!-- ananthuProject.Test.StandAloneTest -->
