<?xml version="1.0" encoding="UTF-8"?>
<!-- Generated by org.testng.reporters.JUnitReportReporter -->
<testsuite hostname="Ananthus-MacBook-Pro.local" failures="0" tests="5" name="ananthuProject.Test.LoginCheckTest" time="24.487" errors="0" timestamp="2025-03-06T22:18:22 EST" skipped="0">
  <testcase classname="ananthuProject.Test.LoginCheckTest" name="logInError" time="4.736"/>
  <testcase classname="ananthuProject.Test.LoginCheckTest" name="passwordReset" time="5.090"/>
  <testcase classname="ananthuProject.Test.LoginCheckTest" name="logInError" time="4.792"/>
  <testcase classname="ananthuProject.Test.LoginCheckTest" name="logInError" time="4.719"/>
  <testcase classname="ananthuProject.Test.LoginCheckTest" name="logInError" time="5.150"/>
</testsuite> <!-- ananthuProject.Test.LoginCheckTest -->
