<?xml version="1.0" encoding="UTF-8"?>
<!-- Generated by org.testng.reporters.JUnitReportReporter -->
<testsuite hostname="LAPTOP-JFKQL1HG" failures="0" tests="3" name="ananthuProject.Test.StandAloneTest" time="72.671" errors="0" timestamp="2025-02-09T17:25:31 EST" skipped="0">
  <testcase classname="ananthuProject.Test.StandAloneTest" name="searchNameInTimeSheet" time="23.029"/>
  <testcase classname="ananthuProject.Test.StandAloneTest" name="searchUpdatedUserFromDirectory" time="18.545"/>
  <testcase classname="ananthuProject.Test.StandAloneTest" name="testUpdatingUserName" time="31.097"/>
</testsuite> <!-- ananthuProject.Test.StandAloneTest -->
