<?xml version="1.0" encoding="UTF-8"?>
<!-- Generated by org.testng.reporters.JUnitReportReporter -->
<testsuite hostname="Ananthus-MacBook-Pro.local" failures="0" tests="1" name="ananthuProject.Test.PIMpageTest" time="7.760" errors="0" timestamp="2025-03-06T22:18:22 EST" skipped="0">
  <testcase classname="ananthuProject.Test.PIMpageTest" name="testHelpButton" time="7.760"/>
</testsuite> <!-- ananthuProject.Test.PIMpageTest -->
