<?xml version="1.0" encoding="UTF-8"?>
<!-- Generated by org.testng.reporters.JUnitReportReporter -->
<testsuite hostname="LAPTOP-JFKQL1HG" failures="0" tests="3" name="ananthuProject.Test.StandAloneTest" time="67.953" errors="0" timestamp="2025-02-18T08:59:52 EST" skipped="0">
  <testcase classname="ananthuProject.Test.StandAloneTest" name="testUpdatingUserName" time="31.526"/>
  <testcase classname="ananthuProject.Test.StandAloneTest" name="searchNameInTimeSheet" time="12.504"/>
  <testcase classname="ananthuProject.Test.StandAloneTest" name="searchUpdatedUserFromDirectory" time="23.923"/>
</testsuite> <!-- ananthuProject.Test.StandAloneTest -->
