<?xml version="1.0" encoding="UTF-8"?>
<!-- Generated by org.testng.reporters.JUnitReportReporter -->
<testsuite hostname="LAPTOP-JFKQL1HG" failures="0" tests="13" name="ananthuProject.Test.LoginCheckTest" time="63.135" errors="0" timestamp="2025-02-23T17:04:56 EST" skipped="0">
  <testcase classname="ananthuProject.Test.LoginCheckTest" name="logInError" time="4.974"/>
  <testcase classname="ananthuProject.Test.LoginCheckTest" name="logInWithDataBaseCredentials" time="4.799"/>
  <testcase classname="ananthuProject.Test.LoginCheckTest" name="logInWithDataBaseCredentials" time="4.804"/>
  <testcase classname="ananthuProject.Test.LoginCheckTest" name="passwordReset" time="5.356"/>
  <testcase classname="ananthuProject.Test.LoginCheckTest" name="logInWithDataBaseCredentials" time="4.281"/>
  <testcase classname="ananthuProject.Test.LoginCheckTest" name="logInError" time="4.924"/>
  <testcase classname="ananthuProject.Test.LoginCheckTest" name="logInWithDataBaseCredentials" time="4.752"/>
  <testcase classname="ananthuProject.Test.LoginCheckTest" name="logInWithDataBaseCredentials" time="4.692"/>
  <testcase classname="ananthuProject.Test.LoginCheckTest" name="logInWithDataBaseCredentials" time="4.961"/>
  <testcase classname="ananthuProject.Test.LoginCheckTest" name="logInWithDataBaseCredentials" time="5.069"/>
  <testcase classname="ananthuProject.Test.LoginCheckTest" name="logInError" time="4.818"/>
  <testcase classname="ananthuProject.Test.LoginCheckTest" name="logInWithDataBaseCredentials" time="4.887"/>
  <testcase classname="ananthuProject.Test.LoginCheckTest" name="logInError" time="4.818"/>
</testsuite> <!-- ananthuProject.Test.LoginCheckTest -->
