<?xml version="1.0" encoding="UTF-8"?>
<!-- Generated by org.testng.reporters.JUnitReportReporter -->
<testsuite hostname="LAPTOP-JFKQL1HG" failures="0" tests="13" name="ananthuProject.Test.LoginCheckTest" time="51.290" errors="0" timestamp="2025-02-23T17:29:33 EST" skipped="0">
  <testcase classname="ananthuProject.Test.LoginCheckTest" name="logInWithDataBaseCredentials" time="3.856"/>
  <testcase classname="ananthuProject.Test.LoginCheckTest" name="logInError" time="3.801"/>
  <testcase classname="ananthuProject.Test.LoginCheckTest" name="logInWithDataBaseCredentials" time="3.991"/>
  <testcase classname="ananthuProject.Test.LoginCheckTest" name="logInWithDataBaseCredentials" time="3.757"/>
  <testcase classname="ananthuProject.Test.LoginCheckTest" name="passwordReset" time="4.983"/>
  <testcase classname="ananthuProject.Test.LoginCheckTest" name="logInWithDataBaseCredentials" time="3.494"/>
  <testcase classname="ananthuProject.Test.LoginCheckTest" name="logInWithDataBaseCredentials" time="3.526"/>
  <testcase classname="ananthuProject.Test.LoginCheckTest" name="logInError" time="3.829"/>
  <testcase classname="ananthuProject.Test.LoginCheckTest" name="logInError" time="3.644"/>
  <testcase classname="ananthuProject.Test.LoginCheckTest" name="logInError" time="4.380"/>
  <testcase classname="ananthuProject.Test.LoginCheckTest" name="logInWithDataBaseCredentials" time="3.548"/>
  <testcase classname="ananthuProject.Test.LoginCheckTest" name="logInWithDataBaseCredentials" time="3.713"/>
  <testcase classname="ananthuProject.Test.LoginCheckTest" name="logInWithDataBaseCredentials" time="4.768"/>
</testsuite> <!-- ananthuProject.Test.LoginCheckTest -->
