<?xml version="1.0" encoding="UTF-8"?>
<!-- Generated by org.testng.reporters.JUnitReportReporter -->
<testsuite hostname="LAPTOP-JFKQL1HG" failures="0" tests="5" name="ananthuProject.Test.LoginCheckTest" time="24.070" errors="0" timestamp="2025-02-09T18:16:23 EST" skipped="0">
  <testcase classname="ananthuProject.Test.LoginCheckTest" name="logInError" time="4.801"/>
  <testcase classname="ananthuProject.Test.LoginCheckTest" name="logInError" time="4.552"/>
  <testcase classname="ananthuProject.Test.LoginCheckTest" name="passwordReset" time="4.779"/>
  <testcase classname="ananthuProject.Test.LoginCheckTest" name="logInError" time="5.196"/>
  <testcase classname="ananthuProject.Test.LoginCheckTest" name="logInError" time="4.742"/>
</testsuite> <!-- ananthuProject.Test.LoginCheckTest -->
